Running migrations:
  Applying warranty.0001_initial... FAKED
  Applying warranty.0002_remove_warranty_product_and_more...Traceback (most recent call last):
  File "/usr/local/lib/python3.10/site-packages/django/db/backends/utils.py", line 103, in _execute
    return self.cursor.execute(sql)
psycopg2.errors.UndefinedColumn: column "product_id" of relation "warranty_warranty" does not exist


The above exception was the direct cause of the following exception:

Traceback (most recent call last):
  File "/app/manage.py", line 22, in <module>
    main()
  File "/app/manage.py", line 18, in main
    execute_from_command_line(sys.argv)
  File "/usr/local/lib/python3.10/site-packages/django/core/management/__init__.py", line 442, in execute_from_command_line
    utility.execute()
  File "/usr/local/lib/python3.10/site-packages/django/core/management/__init__.py", line 436, in execute
    self.fetch_command(subcommand).run_from_argv(self.argv)
  File "/usr/local/lib/python3.10/site-packages/django/core/management/base.py", line 416, in run_from_argv
    self.execute(*args, **cmd_options)
  File "/usr/local/lib/python3.10/site-packages/django/core/management/base.py", line 460, in execute
    output = self.handle(*args, **options)
  File "/usr/local/lib/python3.10/site-packages/django/core/management/base.py", line 107, in wrapper
    res = handle_func(*args, **kwargs)
  File "/usr/local/lib/python3.10/site-packages/django/core/management/commands/migrate.py", line 353, in handle
    post_migrate_state = executor.migrate(
  File "/usr/local/lib/python3.10/site-packages/django/db/migrations/executor.py", line 135, in migrate
    state = self._migrate_all_forwards(
  File "/usr/local/lib/python3.10/site-packages/django/db/migrations/executor.py", line 167, in _migrate_all_forwards
    state = self.apply_migration(
  File "/usr/local/lib/python3.10/site-packages/django/db/migrations/executor.py", line 255, in apply_migration
    state = migration.apply(state, schema_editor)
  File "/usr/local/lib/python3.10/site-packages/django/db/migrations/migration.py", line 132, in apply
    operation.database_forwards(
  File "/usr/local/lib/python3.10/site-packages/django/db/migrations/operations/fields.py", line 174, in database_forwards
    schema_editor.remove_field(
  File "/usr/local/lib/python3.10/site-packages/django/db/backends/base/schema.py", line 829, in remove_field
    self.execute(sql)
  File "/usr/local/lib/python3.10/site-packages/django/db/backends/postgresql/schema.py", line 48, in execute
    return super().execute(sql, None)
  File "/usr/local/lib/python3.10/site-packages/django/db/backends/base/schema.py", line 204, in execute
    cursor.execute(sql, params)
  File "/usr/local/lib/python3.10/site-packages/django/db/backends/utils.py", line 79, in execute
    return self._execute_with_wrappers(
  File "/usr/local/lib/python3.10/site-packages/django/db/backends/utils.py", line 92, in _execute_with_wrappers
    return executor(sql, params, many, context)
  File "/usr/local/lib/python3.10/site-packages/django/db/backends/utils.py", line 100, in _execute
    with self.db.wrap_database_errors:
  File "/usr/local/lib/python3.10/site-packages/django/db/utils.py", line 91, in __exit__
    raise dj_exc_value.with_traceback(traceback) from exc_value
  File "/usr/local/lib/python3.10/site-packages/django/db/backends/utils.py", line 103, in _execute
    return self.cursor.execute(sql)
django.db.utils.ProgrammingError: column "product_id" of relation "warranty_warranty" does not exist

root@srv967860:~/HANNA# 








