  File "/usr/local/lib/python3.10/site-packages/asgiref/sync.py", line 554, in thread_handler
    return func(*args, **kwargs)
  File "/usr/local/lib/python3.10/site-packages/django/core/handlers/exception.py", line 141, in response_for_exception
    response = handle_uncaught_exception(
  File "/usr/local/lib/python3.10/site-packages/django/core/handlers/exception.py", line 185, in handle_uncaught_exception
    callback = resolver.resolve_error_handler(500)
  File "/usr/local/lib/python3.10/site-packages/django/urls/resolvers.py", line 732, in resolve_error_handler
    callback = getattr(self.urlconf_module, "handler%s" % view_type, None)
  File "/usr/local/lib/python3.10/site-packages/django/utils/functional.py", line 47, in __get__
    res = instance.__dict__[self.name] = self.func(instance)
  File "/usr/local/lib/python3.10/site-packages/django/urls/resolvers.py", line 711, in urlconf_module
    return import_module(self.urlconf_name)
  File "/usr/local/lib/python3.10/importlib/__init__.py", line 126, in import_module
    return _bootstrap._gcd_import(name[level:], package, level)
  File "<frozen importlib._bootstrap>", line 1050, in _gcd_import
  File "<frozen importlib._bootstrap>", line 1027, in _find_and_load
  File "<frozen importlib._bootstrap>", line 1006, in _find_and_load_unlocked
  File "<frozen importlib._bootstrap>", line 688, in _load_unlocked
  File "<frozen importlib._bootstrap_external>", line 883, in exec_module
  File "<frozen importlib._bootstrap>", line 241, in _call_with_frames_removed
  File "/app/./whatsappcrm_backend/urls.py", line 13, in <module>
    from warranty.views import ManufacturerDashboardStatsAPIView, ManufacturerJobCardListView, ManufacturerJobCardDetailView, ManufacturerWarrantyClaimListView
ImportError: cannot import name 'ManufacturerJobCardListView' from 'warranty.views' (/app/warranty/views.py)
During handling of the above exception, another exception occurred:
Traceback (most recent call last):
  File "/usr/local/lib/python3.10/site-packages/django/core/handlers/exception.py", line 55, in inner
    response = get_response(request)
  File "/usr/local/lib/python3.10/site-packages/django/utils/deprecation.py", line 120, in __call__
    response = response or self.get_response(request)
  File "/usr/local/lib/python3.10/site-packages/django/core/handlers/exception.py", line 57, in inner
    response = response_for_exception(request, exc)
  File "/usr/local/lib/python3.10/site-packages/django/core/handlers/exception.py", line 141, in response_for_exception
    response = handle_uncaught_exception(
  File "/usr/local/lib/python3.10/site-packages/django/core/handlers/exception.py", line 185, in handle_uncaught_exception
    callback = resolver.resolve_error_handler(500)
  File "/usr/local/lib/python3.10/site-packages/django/urls/resolvers.py", line 732, in resolve_error_handler
    callback = getattr(self.urlconf_module, "handler%s" % view_type, None)
  File "/usr/local/lib/python3.10/site-packages/django/utils/functional.py", line 47, in __get__
    res = instance.__dict__[self.name] = self.func(instance)
  File "/usr/local/lib/python3.10/site-packages/django/urls/resolvers.py", line 711, in urlconf_module
    return import_module(self.urlconf_name)
  File "/usr/local/lib/python3.10/importlib/__init__.py", line 126, in import_module
    return _bootstrap._gcd_import(name[level:], package, level)
  File "<frozen importlib._bootstrap>", line 1050, in _gcd_import
  File "<frozen importlib._bootstrap>", line 1027, in _find_and_load
  File "<frozen importlib._bootstrap>", line 1006, in _find_and_load_unlocked
  File "<frozen importlib._bootstrap>", line 688, in _load_unlocked
  File "<frozen importlib._bootstrap_external>", line 883, in exec_module
  File "<frozen importlib._bootstrap>", line 241, in _call_with_frames_removed
  File "/app/./whatsappcrm_backend/urls.py", line 13, in <module>
    from warranty.views import ManufacturerDashboardStatsAPIView, ManufacturerJobCardListView, ManufacturerJobCardDetailView, ManufacturerWarrantyClaimListView
ImportError: cannot import name 'ManufacturerJobCardListView' from 'warranty.views' (/app/warranty/views.py)
During handling of the above exception, another exception occurred:
Traceback (most recent call last):
  File "/usr/local/lib/python3.10/site-packages/channels/routing.py", line 48, in __call__
    return await application(scope, receive, send)
  File "/usr/local/lib/python3.10/site-packages/django/core/handlers/asgi.py", line 162, in __call__
    await self.handle(scope, receive, send)
  File "/usr/local/lib/python3.10/site-packages/django/core/handlers/asgi.py", line 208, in handle
    task.result()
  File "/usr/local/lib/python3.10/site-packages/django/core/handlers/asgi.py", line 185, in process_request
    response = await self.run_get_response(request)
  File "/usr/local/lib/python3.10/site-packages/django/core/handlers/asgi.py", line 244, in run_get_response
    response = await self.get_response_async(request)
  File "/usr/local/lib/python3.10/site-packages/django/core/handlers/base.py", line 162, in get_response_async
    response = await self._middleware_chain(request)
  File "/usr/local/lib/python3.10/site-packages/asgiref/sync.py", line 502, in __call__
    ret = await asyncio.shield(exec_coro)
  File "/usr/local/lib/python3.10/concurrent/futures/thread.py", line 58, in run
    result = self.fn(*self.args, **self.kwargs)
  File "/usr/local/lib/python3.10/site-packages/asgiref/sync.py", line 556, in thread_handler
    return func(*args, **kwargs)
  File "/usr/local/lib/python3.10/site-packages/django/core/handlers/exception.py", line 57, in inner
    response = response_for_exception(request, exc)
  File "/usr/local/lib/python3.10/site-packages/django/core/handlers/exception.py", line 141, in response_for_exception
    response = handle_uncaught_exception(
  File "/usr/local/lib/python3.10/site-packages/django/core/handlers/exception.py", line 185, in handle_uncaught_exception
    callback = resolver.resolve_error_handler(500)
  File "/usr/local/lib/python3.10/site-packages/django/urls/resolvers.py", line 732, in resolve_error_handler
    callback = getattr(self.urlconf_module, "handler%s" % view_type, None)
  File "/usr/local/lib/python3.10/site-packages/django/utils/functional.py", line 47, in __get__
    res = instance.__dict__[self.name] = self.func(instance)
  File "/usr/local/lib/python3.10/site-packages/django/urls/resolvers.py", line 711, in urlconf_module
    return import_module(self.urlconf_name)
  File "/usr/local/lib/python3.10/importlib/__init__.py", line 126, in import_module
    return _bootstrap._gcd_import(name[level:], package, level)
  File "<frozen importlib._bootstrap>", line 1050, in _gcd_import
  File "<frozen importlib._bootstrap>", line 1027, in _find_and_load
  File "<frozen importlib._bootstrap>", line 1006, in _find_and_load_unlocked
  File "<frozen importlib._bootstrap>", line 688, in _load_unlocked
  File "<frozen importlib._bootstrap_external>", line 883, in exec_module
  File "<frozen importlib._bootstrap>", line 241, in _call_with_frames_removed
  File "/app/./whatsappcrm_backend/urls.py", line 13, in <module>
    from warranty.views import ManufacturerDashboardStatsAPIView, ManufacturerJobCardListView, ManufacturerJobCardDetailView, ManufacturerWarrantyClaimListView
ImportError: cannot import name 'ManufacturerJobCardListView' from 'warranty.views' (/app/warranty/views.py)
172.18.0.11:48282 - - [06/Nov/2025:21:44:12] "POST /crm-api/auth/token/" 500 453