[2025-11-09 17:49:02] INFO services Registered flow action: 'send_group_notification'
[2025-11-09 17:49:02] INFO services Registered flow action: 'update_lead_score'
[2025-11-09 17:49:02] INFO services Registered flow action: 'create_order_from_context'
[2025-11-09 17:49:02] INFO services Registered flow action: 'create_order'
[2025-11-09 17:49:02] INFO services Registered flow action: 'generate_unique_order_number'
[2025-11-09 17:49:02] INFO services Registered flow action: 'create_order_with_items'
[2025-11-09 17:49:02] INFO services Registered flow action: 'calculate_order_total'
[2025-11-09 17:49:02] INFO services Registered flow action: 'update_order_fields'
[2025-11-09 17:49:02] INFO services Registered flow action: 'update_model_instance'
[2025-11-09 17:49:02] INFO services Registered flow action: 'create_order_from_cart'
[2025-11-09 17:49:02] INFO services Registered flow action: 'generate_unique_assessment_id'
[2025-11-09 17:49:02] INFO services Registered flow action: 'create_placeholder_order'
[2025-11-09 17:49:02] INFO services Registered flow action: 'normalize_order_number'
/usr/local/lib/python3.10/site-packages/google/api_core/_python_version_support.py:266: FutureWarning: You are using a Python version (3.10.19) which Google will stop supporting in new releases of google.api_core once it reaches its end of life (2026-10-04). Please upgrade to the latest Python version, or at least Python 3.11, to continue receiving updates for google.api_core past that date.
  warnings.warn(message, FutureWarning)
[2025-11-09 17:49:04] INFO idle_email_fetcher Starting IMAP IDLE worker for all active accounts...
IMAP IDLE worker started.
Traceback (most recent call last):
  File "/usr/local/lib/python3.10/site-packages/django/db/backends/utils.py", line 105, in _execute
    return self.cursor.execute(sql, params)
psycopg2.errors.UndefinedTable: relation "email_integration_emailaccount" does not exist
LINE 1: SELECT 1 AS "a" FROM "email_integration_emailaccount" WHERE ...
                             ^
The above exception was the direct cause of the following exception:
Traceback (most recent call last):
  File "/app/manage.py", line 22, in <module>
    main()
  File "/app/manage.py", line 18, in main
    execute_from_command_line(sys.argv)
  File "/usr/local/lib/python3.10/site-packages/django/core/management/__init__.py", line 442, in execute_from_command_line
    utility.execute()
  File "/usr/local/lib/python3.10/site-packages/django/core/management/__init__.py", line 436, in execute
    self.fetch_command(subcommand).run_from_argv(self.argv)
  File "/usr/local/lib/python3.10/site-packages/django/core/management/base.py", line 416, in run_from_argv
    self.execute(*args, **cmd_options)
  File "/usr/local/lib/python3.10/site-packages/django/core/management/base.py", line 460, in execute
    output = self.handle(*args, **options)
  File "/app/email_integration/management/commands/idle_email_fetcher.py", line 28, in handle
    if not accounts.exists():
  File "/usr/local/lib/python3.10/site-packages/django/db/models/query.py", line 1298, in exists
    return self.query.has_results(using=self.db)
  File "/usr/local/lib/python3.10/site-packages/django/db/models/sql/query.py", line 674, in has_results
    return compiler.has_results()
  File "/usr/local/lib/python3.10/site-packages/django/db/models/sql/compiler.py", line 1591, in has_results
    return bool(self.execute_sql(SINGLE))
  File "/usr/local/lib/python3.10/site-packages/django/db/models/sql/compiler.py", line 1623, in execute_sql
    cursor.execute(sql, params)
  File "/usr/local/lib/python3.10/site-packages/django/db/backends/utils.py", line 79, in execute
    return self._execute_with_wrappers(
  File "/usr/local/lib/python3.10/site-packages/django/db/backends/utils.py", line 92, in _execute_with_wrappers
    return executor(sql, params, many, context)
  File "/usr/local/lib/python3.10/site-packages/django/db/backends/utils.py", line 100, in _execute
    with self.db.wrap_database_errors:
  File "/usr/local/lib/python3.10/site-packages/django/db/utils.py", line 91, in __exit__
    raise dj_exc_value.with_traceback(traceback) from exc_value
  File "/usr/local/lib/python3.10/site-packages/django/db/backends/utils.py", line 105, in _execute
    return self.cursor.execute(sql, params)
django.db.utils.ProgrammingError: relation "email_integration_emailaccount" does not exist
LINE 1: SELECT 1 AS "a" FROM "email_integration_emailaccount" WHERE ...
                             ^
[2025-11-09 17:49:07] INFO services Registered flow action: 'send_group_notification'
[2025-11-09 17:49:07] INFO services Registered flow action: 'update_lead_score'
[2025-11-09 17:49:07] INFO services Registered flow action: 'create_order_from_context'
[2025-11-09 17:49:07] INFO services Registered flow action: 'create_order'
[2025-11-09 17:49:07] INFO services Registered flow action: 'generate_unique_order_number'
[2025-11-09 17:49:07] INFO services Registered flow action: 'create_order_with_items'
[2025-11-09 17:49:07] INFO services Registered flow action: 'calculate_order_total'
[2025-11-09 17:49:07] INFO services Registered flow action: 'update_order_fields'
[2025-11-09 17:49:07] INFO services Registered flow action: 'update_model_instance'
[2025-11-09 17:49:07] INFO services Registered flow action: 'create_order_from_cart'
[2025-11-09 17:49:07] INFO services Registered flow action: 'generate_unique_assessment_id'
[2025-11-09 17:49:07] INFO services Registered flow action: 'create_placeholder_order'
[2025-11-09 17:49:07] INFO services Registered flow action: 'normalize_order_number'
/usr/local/lib/python3.10/site-packages/google/api_core/_python_version_support.py:266: FutureWarning: You are using a Python version (3.10.19) which Google will stop supporting in new releases of google.api_core once it reaches its end of life (2026-10-04). Please upgrade to the latest Python version, or at least Python 3.11, to continue receiving updates for google.api_core past that date.
  warnings.warn(message, FutureWarning)
[2025-11-09 17:49:08] INFO idle_email_fetcher Starting IMAP IDLE worker for all active accounts...
IMAP IDLE worker started.
Traceback (most recent call last):
  File "/usr/local/lib/python3.10/site-packages/django/db/backends/utils.py", line 105, in _execute
    return self.cursor.execute(sql, params)
psycopg2.errors.UndefinedTable: relation "email_integration_emailaccount" does not exist
LINE 1: SELECT 1 AS "a" FROM "email_integration_emailaccount" WHERE ...
                             ^
The above exception was the direct cause of the following exception:
Traceback (most recent call last):
  File "/app/manage.py", line 22, in <module>
    main()
  File "/app/manage.py", line 18, in main
    execute_from_command_line(sys.argv)
  File "/usr/local/lib/python3.10/site-packages/django/core/management/__init__.py", line 442, in execute_from_command_line
    utility.execute()
  File "/usr/local/lib/python3.10/site-packages/django/core/management/__init__.py", line 436, in execute
    self.fetch_command(subcommand).run_from_argv(self.argv)
  File "/usr/local/lib/python3.10/site-packages/django/core/management/base.py", line 416, in run_from_argv
    self.execute(*args, **cmd_options)
  File "/usr/local/lib/python3.10/site-packages/django/core/management/base.py", line 460, in execute
    output = self.handle(*args, **options)
  File "/app/email_integration/management/commands/idle_email_fetcher.py", line 28, in handle
    if not accounts.exists():
  File "/usr/local/lib/python3.10/site-packages/django/db/models/query.py", line 1298, in exists
    return self.query.has_results(using=self.db)
  File "/usr/local/lib/python3.10/site-packages/django/db/models/sql/query.py", line 674, in has_results
    return compiler.has_results()
  File "/usr/local/lib/python3.10/site-packages/django/db/models/sql/compiler.py", line 1591, in has_results
    return bool(self.execute_sql(SINGLE))
  File "/usr/local/lib/python3.10/site-packages/django/db/models/sql/compiler.py", line 1623, in execute_sql
    cursor.execute(sql, params)
  File "/usr/local/lib/python3.10/site-packages/django/db/backends/utils.py", line 79, in execute
    return self._execute_with_wrappers(
  File "/usr/local/lib/python3.10/site-packages/django/db/backends/utils.py", line 92, in _execute_with_wrappers
    return executor(sql, params, many, context)
  File "/usr/local/lib/python3.10/site-packages/django/db/backends/utils.py", line 100, in _execute
    with self.db.wrap_database_errors:
  File "/usr/local/lib/python3.10/site-packages/django/db/utils.py", line 91, in __exit__
    raise dj_exc_value.with_traceback(traceback) from exc_value
  File "/usr/local/lib/python3.10/site-packages/django/db/backends/utils.py", line 105, in _execute
    return self.cursor.execute(sql, params)
django.db.utils.ProgrammingError: relation "email_integration_emailaccount" does not exist
LINE 1: SELECT 1 AS "a" FROM "email_integration_emailaccount" WHERE ...
                             ^
[2025-11-09 17:49:10] INFO services Registered flow action: 'send_group_notification'
[2025-11-09 17:49:10] INFO services Registered flow action: 'update_lead_score'
[2025-11-09 17:49:10] INFO services Registered flow action: 'create_order_from_context'
[2025-11-09 17:49:10] INFO services Registered flow action: 'create_order'
[2025-11-09 17:49:10] INFO services Registered flow action: 'generate_unique_order_number'
[2025-11-09 17:49:10] INFO services Registered flow action: 'create_order_with_items'
[2025-11-09 17:49:10] INFO services Registered flow action: 'calculate_order_total'
[2025-11-09 17:49:10] INFO services Registered flow action: 'update_order_fields'
[2025-11-09 17:49:10] INFO services Registered flow action: 'update_model_instance'
[2025-11-09 17:49:10] INFO services Registered flow action: 'create_order_from_cart'
[2025-11-09 17:49:10] INFO services Registered flow action: 'generate_unique_assessment_id'
[2025-11-09 17:49:10] INFO services Registered flow action: 'create_placeholder_order'
[2025-11-09 17:49:10] INFO services Registered flow action: 'normalize_order_number'
/usr/local/lib/python3.10/site-packages/google/api_core/_python_version_support.py:266: FutureWarning: You are using a Python version (3.10.19) which Google will stop supporting in new releases of google.api_core once it reaches its end of life (2026-10-04). Please upgrade to the latest Python version, or at least Python 3.11, to continue receiving updates for google.api_core past that date.
  warnings.warn(message, FutureWarning)
[2025-11-09 17:49:11] INFO idle_email_fetcher Starting IMAP IDLE worker for all active accounts...
IMAP IDLE worker started.
Traceback (most recent call last):
  File "/usr/local/lib/python3.10/site-packages/django/db/backends/utils.py", line 105, in _execute
    return self.cursor.execute(sql, params)
psycopg2.errors.UndefinedTable: relation "email_integration_emailaccount" does not exist
LINE 1: SELECT 1 AS "a" FROM "email_integration_emailaccount" WHERE ...
                             ^
The above exception was the direct cause of the following exception:
Traceback (most recent call last):
  File "/app/manage.py", line 22, in <module>
    main()
  File "/app/manage.py", line 18, in main
    execute_from_command_line(sys.argv)
  File "/usr/local/lib/python3.10/site-packages/django/core/management/__init__.py", line 442, in execute_from_command_line
    utility.execute()
  File "/usr/local/lib/python3.10/site-packages/django/core/management/__init__.py", line 436, in execute
    self.fetch_command(subcommand).run_from_argv(self.argv)
  File "/usr/local/lib/python3.10/site-packages/django/core/management/base.py", line 416, in run_from_argv
    self.execute(*args, **cmd_options)
  File "/usr/local/lib/python3.10/site-packages/django/core/management/base.py", line 460, in execute
    output = self.handle(*args, **options)
  File "/app/email_integration/management/commands/idle_email_fetcher.py", line 28, in handle
    if not accounts.exists():
  File "/usr/local/lib/python3.10/site-packages/django/db/models/query.py", line 1298, in exists
    return self.query.has_results(using=self.db)
  File "/usr/local/lib/python3.10/site-packages/django/db/models/sql/query.py", line 674, in has_results
    return compiler.has_results()
  File "/usr/local/lib/python3.10/site-packages/django/db/models/sql/compiler.py", line 1591, in has_results
    return bool(self.execute_sql(SINGLE))
  File "/usr/local/lib/python3.10/site-packages/django/db/models/sql/compiler.py", line 1623, in execute_sql
    cursor.execute(sql, params)
  File "/usr/local/lib/python3.10/site-packages/django/db/backends/utils.py", line 79, in execute
    return self._execute_with_wrappers(
  File "/usr/local/lib/python3.10/site-packages/django/db/backends/utils.py", line 92, in _execute_with_wrappers
    return executor(sql, params, many, context)
  File "/usr/local/lib/python3.10/site-packages/django/db/backends/utils.py", line 100, in _execute
    with self.db.wrap_database_errors:
  File "/usr/local/lib/python3.10/site-packages/django/db/utils.py", line 91, in __exit__
    raise dj_exc_value.with_traceback(traceback) from exc_value
  File "/usr/local/lib/python3.10/site-packages/django/db/backends/utils.py", line 105, in _execute
    return self.cursor.execute(sql, params)
django.db.utils.ProgrammingError: relation "email_integration_emailaccount" does not exist
LINE 1: SELECT 1 AS "a" FROM "email_integration_emailaccount" WHERE ...
                             ^
[2025-11-09 17:49:13] INFO services Registered flow action: 'send_group_notification'
[2025-11-09 17:49:13] INFO services Registered flow action: 'update_lead_score'
[2025-11-09 17:49:13] INFO services Registered flow action: 'create_order_from_context'
[2025-11-09 17:49:13] INFO services Registered flow action: 'create_order'
[2025-11-09 17:49:13] INFO services Registered flow action: 'generate_unique_order_number'
[2025-11-09 17:49:13] INFO services Registered flow action: 'create_order_with_items'
[2025-11-09 17:49:13] INFO services Registered flow action: 'calculate_order_total'
[2025-11-09 17:49:13] INFO services Registered flow action: 'update_order_fields'
[2025-11-09 17:49:13] INFO services Registered flow action: 'update_model_instance'
[2025-11-09 17:49:13] INFO services Registered flow action: 'create_order_from_cart'
[2025-11-09 17:49:13] INFO services Registered flow action: 'generate_unique_assessment_id'
[2025-11-09 17:49:13] INFO services Registered flow action: 'create_placeholder_order'
[2025-11-09 17:49:13] INFO services Registered flow action: 'normalize_order_number'
/usr/local/lib/python3.10/site-packages/google/api_core/_python_version_support.py:266: FutureWarning: You are using a Python version (3.10.19) which Google will stop supporting in new releases of google.api_core once it reaches its end of life (2026-10-04). Please upgrade to the latest Python version, or at least Python 3.11, to continue receiving updates for google.api_core past that date.
  warnings.warn(message, FutureWarning)
[2025-11-09 17:49:14] INFO idle_email_fetcher Starting IMAP IDLE worker for all active accounts...
IMAP IDLE worker started.
Traceback (most recent call last):
  File "/usr/local/lib/python3.10/site-packages/django/db/backends/utils.py", line 105, in _execute
    return self.cursor.execute(sql, params)
psycopg2.errors.UndefinedTable: relation "email_integration_emailaccount" does not exist
LINE 1: SELECT 1 AS "a" FROM "email_integration_emailaccount" WHERE ...
                             ^
The above exception was the direct cause of the following exception:
Traceback (most recent call last):
  File "/app/manage.py", line 22, in <module>
    main()
  File "/app/manage.py", line 18, in main
    execute_from_command_line(sys.argv)
  File "/usr/local/lib/python3.10/site-packages/django/core/management/__init__.py", line 442, in execute_from_command_line
    utility.execute()
  File "/usr/local/lib/python3.10/site-packages/django/core/management/__init__.py", line 436, in execute
    self.fetch_command(subcommand).run_from_argv(self.argv)
  File "/usr/local/lib/python3.10/site-packages/django/core/management/base.py", line 416, in run_from_argv
    self.execute(*args, **cmd_options)
  File "/usr/local/lib/python3.10/site-packages/django/core/management/base.py", line 460, in execute
    output = self.handle(*args, **options)
  File "/app/email_integration/management/commands/idle_email_fetcher.py", line 28, in handle
    if not accounts.exists():
  File "/usr/local/lib/python3.10/site-packages/django/db/models/query.py", line 1298, in exists
    return self.query.has_results(using=self.db)
  File "/usr/local/lib/python3.10/site-packages/django/db/models/sql/query.py", line 674, in has_results
    return compiler.has_results()
  File "/usr/local/lib/python3.10/site-packages/django/db/models/sql/compiler.py", line 1591, in has_results
    return bool(self.execute_sql(SINGLE))
  File "/usr/local/lib/python3.10/site-packages/django/db/models/sql/compiler.py", line 1623, in execute_sql
    cursor.execute(sql, params)
  File "/usr/local/lib/python3.10/site-packages/django/db/backends/utils.py", line 79, in execute
    return self._execute_with_wrappers(
  File "/usr/local/lib/python3.10/site-packages/django/db/backends/utils.py", line 92, in _execute_with_wrappers
    return executor(sql, params, many, context)
  File "/usr/local/lib/python3.10/site-packages/django/db/backends/utils.py", line 100, in _execute
    with self.db.wrap_database_errors:
  File "/usr/local/lib/python3.10/site-packages/django/db/utils.py", line 91, in __exit__
    raise dj_exc_value.with_traceback(traceback) from exc_value
  File "/usr/local/lib/python3.10/site-packages/django/db/backends/utils.py", line 105, in _execute
    return self.cursor.execute(sql, params)
django.db.utils.ProgrammingError: relation "email_integration_emailaccount" does not exist
LINE 1: SELECT 1 AS "a" FROM "email_integration_emailaccount" WHERE ...
                             ^
[2025-11-09 17:49:16] INFO services Registered flow action: 'send_group_notification'
[2025-11-09 17:49:16] INFO services Registered flow action: 'update_lead_score'
[2025-11-09 17:49:16] INFO services Registered flow action: 'create_order_from_context'
[2025-11-09 17:49:16] INFO services Registered flow action: 'create_order'
[2025-11-09 17:49:16] INFO services Registered flow action: 'generate_unique_order_number'
[2025-11-09 17:49:16] INFO services Registered flow action: 'create_order_with_items'
[2025-11-09 17:49:16] INFO services Registered flow action: 'calculate_order_total'
[2025-11-09 17:49:16] INFO services Registered flow action: 'update_order_fields'
[2025-11-09 17:49:16] INFO services Registered flow action: 'update_model_instance'
[2025-11-09 17:49:16] INFO services Registered flow action: 'create_order_from_cart'
[2025-11-09 17:49:16] INFO services Registered flow action: 'generate_unique_assessment_id'
[2025-11-09 17:49:16] INFO services Registered flow action: 'create_placeholder_order'
[2025-11-09 17:49:16] INFO services Registered flow action: 'normalize_order_number'
/usr/local/lib/python3.10/site-packages/google/api_core/_python_version_support.py:266: FutureWarning: You are using a Python version (3.10.19) which Google will stop supporting in new releases of google.api_core once it reaches its end of life (2026-10-04). Please upgrade to the latest Python version, or at least Python 3.11, to continue receiving updates for google.api_core past that date.
  warnings.warn(message, FutureWarning)
[2025-11-09 17:49:17] INFO idle_email_fetcher Starting IMAP IDLE worker for all active accounts...
IMAP IDLE worker started.
Traceback (most recent call last):
  File "/usr/local/lib/python3.10/site-packages/django/db/backends/utils.py", line 105, in _execute
    return self.cursor.execute(sql, params)
psycopg2.errors.UndefinedTable: relation "email_integration_emailaccount" does not exist
LINE 1: SELECT 1 AS "a" FROM "email_integration_emailaccount" WHERE ...
                             ^
The above exception was the direct cause of the following exception:
Traceback (most recent call last):
  File "/app/manage.py", line 22, in <module>
    main()
  File "/app/manage.py", line 18, in main
    execute_from_command_line(sys.argv)
  File "/usr/local/lib/python3.10/site-packages/django/core/management/__init__.py", line 442, in execute_from_command_line
    utility.execute()
  File "/usr/local/lib/python3.10/site-packages/django/core/management/__init__.py", line 436, in execute
    self.fetch_command(subcommand).run_from_argv(self.argv)
  File "/usr/local/lib/python3.10/site-packages/django/core/management/base.py", line 416, in run_from_argv
    self.execute(*args, **cmd_options)
  File "/usr/local/lib/python3.10/site-packages/django/core/management/base.py", line 460, in execute
    output = self.handle(*args, **options)
  File "/app/email_integration/management/commands/idle_email_fetcher.py", line 28, in handle
    if not accounts.exists():
  File "/usr/local/lib/python3.10/site-packages/django/db/models/query.py", line 1298, in exists
    return self.query.has_results(using=self.db)
  File "/usr/local/lib/python3.10/site-packages/django/db/models/sql/query.py", line 674, in has_results
    return compiler.has_results()
  File "/usr/local/lib/python3.10/site-packages/django/db/models/sql/compiler.py", line 1591, in has_results
    return bool(self.execute_sql(SINGLE))
  File "/usr/local/lib/python3.10/site-packages/django/db/models/sql/compiler.py", line 1623, in execute_sql
    cursor.execute(sql, params)
  File "/usr/local/lib/python3.10/site-packages/django/db/backends/utils.py", line 79, in execute
    return self._execute_with_wrappers(
  File "/usr/local/lib/python3.10/site-packages/django/db/backends/utils.py", line 92, in _execute_with_wrappers
    return executor(sql, params, many, context)
  File "/usr/local/lib/python3.10/site-packages/django/db/backends/utils.py", line 100, in _execute
    with self.db.wrap_database_errors:
  File "/usr/local/lib/python3.10/site-packages/django/db/utils.py", line 91, in __exit__
    raise dj_exc_value.with_traceback(traceback) from exc_value
  File "/usr/local/lib/python3.10/site-packages/django/db/backends/utils.py", line 105, in _execute
    return self.cursor.execute(sql, params)
django.db.utils.ProgrammingError: relation "email_integration_emailaccount" does not exist
LINE 1: SELECT 1 AS "a" FROM "email_integration_emailaccount" WHERE ...
                             ^
[2025-11-09 17:49:20] INFO services Registered flow action: 'send_group_notification'
[2025-11-09 17:49:20] INFO services Registered flow action: 'update_lead_score'
[2025-11-09 17:49:20] INFO services Registered flow action: 'create_order_from_context'
[2025-11-09 17:49:20] INFO services Registered flow action: 'create_order'
[2025-11-09 17:49:20] INFO services Registered flow action: 'generate_unique_order_number'
[2025-11-09 17:49:20] INFO services Registered flow action: 'create_order_with_items'
[2025-11-09 17:49:20] INFO services Registered flow action: 'calculate_order_total'
[2025-11-09 17:49:20] INFO services Registered flow action: 'update_order_fields'
[2025-11-09 17:49:20] INFO services Registered flow action: 'update_model_instance'
[2025-11-09 17:49:20] INFO services Registered flow action: 'create_order_from_cart'
[2025-11-09 17:49:20] INFO services Registered flow action: 'generate_unique_assessment_id'
[2025-11-09 17:49:20] INFO services Registered flow action: 'create_placeholder_order'
[2025-11-09 17:49:20] INFO services Registered flow action: 'normalize_order_number'
/usr/local/lib/python3.10/site-packages/google/api_core/_python_version_support.py:266: FutureWarning: You are using a Python version (3.10.19) which Google will stop supporting in new releases of google.api_core once it reaches its end of life (2026-10-04). Please upgrade to the latest Python version, or at least Python 3.11, to continue receiving updates for google.api_core past that date.
  warnings.warn(message, FutureWarning)
[2025-11-09 17:49:21] INFO idle_email_fetcher Starting IMAP IDLE worker for all active accounts...
IMAP IDLE worker started.
Traceback (most recent call last):
  File "/usr/local/lib/python3.10/site-packages/django/db/backends/utils.py", line 105, in _execute
    return self.cursor.execute(sql, params)
psycopg2.errors.UndefinedTable: relation "email_integration_emailaccount" does not exist
LINE 1: SELECT 1 AS "a" FROM "email_integration_emailaccount" WHERE ...
                             ^
The above exception was the direct cause of the following exception:
Traceback (most recent call last):
  File "/app/manage.py", line 22, in <module>
    main()
  File "/app/manage.py", line 18, in main
    execute_from_command_line(sys.argv)
  File "/usr/local/lib/python3.10/site-packages/django/core/management/__init__.py", line 442, in execute_from_command_line
    utility.execute()
  File "/usr/local/lib/python3.10/site-packages/django/core/management/__init__.py", line 436, in execute
    self.fetch_command(subcommand).run_from_argv(self.argv)
  File "/usr/local/lib/python3.10/site-packages/django/core/management/base.py", line 416, in run_from_argv
    self.execute(*args, **cmd_options)
  File "/usr/local/lib/python3.10/site-packages/django/core/management/base.py", line 460, in execute
    output = self.handle(*args, **options)
  File "/app/email_integration/management/commands/idle_email_fetcher.py", line 28, in handle
    if not accounts.exists():
  File "/usr/local/lib/python3.10/site-packages/django/db/models/query.py", line 1298, in exists
    return self.query.has_results(using=self.db)
  File "/usr/local/lib/python3.10/site-packages/django/db/models/sql/query.py", line 674, in has_results
    return compiler.has_results()
  File "/usr/local/lib/python3.10/site-packages/django/db/models/sql/compiler.py", line 1591, in has_results
    return bool(self.execute_sql(SINGLE))
  File "/usr/local/lib/python3.10/site-packages/django/db/models/sql/compiler.py", line 1623, in execute_sql
    cursor.execute(sql, params)
  File "/usr/local/lib/python3.10/site-packages/django/db/backends/utils.py", line 79, in execute
    return self._execute_with_wrappers(
  File "/usr/local/lib/python3.10/site-packages/django/db/backends/utils.py", line 92, in _execute_with_wrappers
    return executor(sql, params, many, context)
  File "/usr/local/lib/python3.10/site-packages/django/db/backends/utils.py", line 100, in _execute
    with self.db.wrap_database_errors:
  File "/usr/local/lib/python3.10/site-packages/django/db/utils.py", line 91, in __exit__
    raise dj_exc_value.with_traceback(traceback) from exc_value
  File "/usr/local/lib/python3.10/site-packages/django/db/backends/utils.py", line 105, in _execute
    return self.cursor.execute(sql, params)
django.db.utils.ProgrammingError: relation "email_integration_emailaccount" does not exist
LINE 1: SELECT 1 AS "a" FROM "email_integration_emailaccount" WHERE ...
                             ^
[2025-11-09 17:49:26] INFO services Registered flow action: 'send_group_notification'
[2025-11-09 17:49:26] INFO services Registered flow action: 'update_lead_score'
[2025-11-09 17:49:26] INFO services Registered flow action: 'create_order_from_context'
[2025-11-09 17:49:26] INFO services Registered flow action: 'create_order'
[2025-11-09 17:49:26] INFO services Registered flow action: 'generate_unique_order_number'
[2025-11-09 17:49:26] INFO services Registered flow action: 'create_order_with_items'
[2025-11-09 17:49:26] INFO services Registered flow action: 'calculate_order_total'
[2025-11-09 17:49:26] INFO services Registered flow action: 'update_order_fields'
[2025-11-09 17:49:26] INFO services Registered flow action: 'update_model_instance'
[2025-11-09 17:49:26] INFO services Registered flow action: 'create_order_from_cart'
[2025-11-09 17:49:26] INFO services Registered flow action: 'generate_unique_assessment_id'
[2025-11-09 17:49:26] INFO services Registered flow action: 'create_placeholder_order'
[2025-11-09 17:49:26] INFO services Registered flow action: 'normalize_order_number'
/usr/local/lib/python3.10/site-packages/google/api_core/_python_version_support.py:266: FutureWarning: You are using a Python version (3.10.19) which Google will stop supporting in new releases of google.api_core once it reaches its end of life (2026-10-04). Please upgrade to the latest Python version, or at least Python 3.11, to continue receiving updates for google.api_core past that date.
  warnings.warn(message, FutureWarning)
[2025-11-09 17:49:26] INFO idle_email_fetcher Starting IMAP IDLE worker for all active accounts...
IMAP IDLE worker started.
Traceback (most recent call last):
  File "/usr/local/lib/python3.10/site-packages/django/db/backends/utils.py", line 105, in _execute
    return self.cursor.execute(sql, params)
psycopg2.errors.UndefinedTable: relation "email_integration_emailaccount" does not exist
LINE 1: SELECT 1 AS "a" FROM "email_integration_emailaccount" WHERE ...
                             ^
The above exception was the direct cause of the following exception:
Traceback (most recent call last):
  File "/app/manage.py", line 22, in <module>
    main()
  File "/app/manage.py", line 18, in main
    execute_from_command_line(sys.argv)
  File "/usr/local/lib/python3.10/site-packages/django/core/management/__init__.py", line 442, in execute_from_command_line
    utility.execute()
  File "/usr/local/lib/python3.10/site-packages/django/core/management/__init__.py", line 436, in execute
    self.fetch_command(subcommand).run_from_argv(self.argv)
  File "/usr/local/lib/python3.10/site-packages/django/core/management/base.py", line 416, in run_from_argv
    self.execute(*args, **cmd_options)
  File "/usr/local/lib/python3.10/site-packages/django/core/management/base.py", line 460, in execute
    output = self.handle(*args, **options)
  File "/app/email_integration/management/commands/idle_email_fetcher.py", line 28, in handle
    if not accounts.exists():
  File "/usr/local/lib/python3.10/site-packages/django/db/models/query.py", line 1298, in exists
    return self.query.has_results(using=self.db)
  File "/usr/local/lib/python3.10/site-packages/django/db/models/sql/query.py", line 674, in has_results
    return compiler.has_results()
  File "/usr/local/lib/python3.10/site-packages/django/db/models/sql/compiler.py", line 1591, in has_results
    return bool(self.execute_sql(SINGLE))
  File "/usr/local/lib/python3.10/site-packages/django/db/models/sql/compiler.py", line 1623, in execute_sql
    cursor.execute(sql, params)
  File "/usr/local/lib/python3.10/site-packages/django/db/backends/utils.py", line 79, in execute
    return self._execute_with_wrappers(
  File "/usr/local/lib/python3.10/site-packages/django/db/backends/utils.py", line 92, in _execute_with_wrappers
    return executor(sql, params, many, context)
  File "/usr/local/lib/python3.10/site-packages/django/db/backends/utils.py", line 100, in _execute
    with self.db.wrap_database_errors:
  File "/usr/local/lib/python3.10/site-packages/django/db/utils.py", line 91, in __exit__
    raise dj_exc_value.with_traceback(traceback) from exc_value
  File "/usr/local/lib/python3.10/site-packages/django/db/backends/utils.py", line 105, in _execute
    return self.cursor.execute(sql, params)
django.db.utils.ProgrammingError: relation "email_integration_emailaccount" does not exist
LINE 1: SELECT 1 AS "a" FROM "email_integration_emailaccount" WHERE ...
                             ^
[2025-11-09 17:49:34] INFO services Registered flow action: 'send_group_notification'
[2025-11-09 17:49:34] INFO services Registered flow action: 'update_lead_score'
[2025-11-09 17:49:34] INFO services Registered flow action: 'create_order_from_context'
[2025-11-09 17:49:34] INFO services Registered flow action: 'create_order'
[2025-11-09 17:49:34] INFO services Registered flow action: 'generate_unique_order_number'
[2025-11-09 17:49:34] INFO services Registered flow action: 'create_order_with_items'
[2025-11-09 17:49:34] INFO services Registered flow action: 'calculate_order_total'
[2025-11-09 17:49:34] INFO services Registered flow action: 'update_order_fields'
[2025-11-09 17:49:34] INFO services Registered flow action: 'update_model_instance'
[2025-11-09 17:49:34] INFO services Registered flow action: 'create_order_from_cart'
[2025-11-09 17:49:34] INFO services Registered flow action: 'generate_unique_assessment_id'
[2025-11-09 17:49:34] INFO services Registered flow action: 'create_placeholder_order'
[2025-11-09 17:49:34] INFO services Registered flow action: 'normalize_order_number'
/usr/local/lib/python3.10/site-packages/google/api_core/_python_version_support.py:266: FutureWarning: You are using a Python version (3.10.19) which Google will stop supporting in new releases of google.api_core once it reaches its end of life (2026-10-04). Please upgrade to the latest Python version, or at least Python 3.11, to continue receiving updates for google.api_core past that date.
  warnings.warn(message, FutureWarning)
[2025-11-09 17:49:35] INFO idle_email_fetcher Starting IMAP IDLE worker for all active accounts...
IMAP IDLE worker started.
Traceback (most recent call last):
  File "/usr/local/lib/python3.10/site-packages/django/db/backends/utils.py", line 105, in _execute
    return self.cursor.execute(sql, params)
psycopg2.errors.UndefinedTable: relation "email_integration_emailaccount" does not exist
LINE 1: SELECT 1 AS "a" FROM "email_integration_emailaccount" WHERE ...
                             ^
The above exception was the direct cause of the following exception:
Traceback (most recent call last):
  File "/app/manage.py", line 22, in <module>
    main()
  File "/app/manage.py", line 18, in main
    execute_from_command_line(sys.argv)
  File "/usr/local/lib/python3.10/site-packages/django/core/management/__init__.py", line 442, in execute_from_command_line
    utility.execute()
  File "/usr/local/lib/python3.10/site-packages/django/core/management/__init__.py", line 436, in execute
    self.fetch_command(subcommand).run_from_argv(self.argv)
  File "/usr/local/lib/python3.10/site-packages/django/core/management/base.py", line 416, in run_from_argv
    self.execute(*args, **cmd_options)
  File "/usr/local/lib/python3.10/site-packages/django/core/management/base.py", line 460, in execute
    output = self.handle(*args, **options)
  File "/app/email_integration/management/commands/idle_email_fetcher.py", line 28, in handle
    if not accounts.exists():
  File "/usr/local/lib/python3.10/site-packages/django/db/models/query.py", line 1298, in exists
    return self.query.has_results(using=self.db)
  File "/usr/local/lib/python3.10/site-packages/django/db/models/sql/query.py", line 674, in has_results
    return compiler.has_results()
  File "/usr/local/lib/python3.10/site-packages/django/db/models/sql/compiler.py", line 1591, in has_results
    return bool(self.execute_sql(SINGLE))
  File "/usr/local/lib/python3.10/site-packages/django/db/models/sql/compiler.py", line 1623, in execute_sql
    cursor.execute(sql, params)
  File "/usr/local/lib/python3.10/site-packages/django/db/backends/utils.py", line 79, in execute
    return self._execute_with_wrappers(
  File "/usr/local/lib/python3.10/site-packages/django/db/backends/utils.py", line 92, in _execute_with_wrappers
    return executor(sql, params, many, context)
  File "/usr/local/lib/python3.10/site-packages/django/db/backends/utils.py", line 100, in _execute
    with self.db.wrap_database_errors:
  File "/usr/local/lib/python3.10/site-packages/django/db/utils.py", line 91, in __exit__
    raise dj_exc_value.with_traceback(traceback) from exc_value
  File "/usr/local/lib/python3.10/site-packages/django/db/backends/utils.py", line 105, in _execute
    return self.cursor.execute(sql, params)
django.db.utils.ProgrammingError: relation "email_integration_emailaccount" does not exist
LINE 1: SELECT 1 AS "a" FROM "email_integration_emailaccount" WHERE ...
                             ^
[2025-11-09 17:49:50] INFO services Registered flow action: 'send_group_notification'
[2025-11-09 17:49:50] INFO services Registered flow action: 'update_lead_score'
[2025-11-09 17:49:50] INFO services Registered flow action: 'create_order_from_context'
[2025-11-09 17:49:50] INFO services Registered flow action: 'create_order'
[2025-11-09 17:49:50] INFO services Registered flow action: 'generate_unique_order_number'
[2025-11-09 17:49:50] INFO services Registered flow action: 'create_order_with_items'
[2025-11-09 17:49:50] INFO services Registered flow action: 'calculate_order_total'
[2025-11-09 17:49:50] INFO services Registered flow action: 'update_order_fields'
[2025-11-09 17:49:50] INFO services Registered flow action: 'update_model_instance'
[2025-11-09 17:49:50] INFO services Registered flow action: 'create_order_from_cart'
[2025-11-09 17:49:50] INFO services Registered flow action: 'generate_unique_assessment_id'
[2025-11-09 17:49:50] INFO services Registered flow action: 'create_placeholder_order'
[2025-11-09 17:49:50] INFO services Registered flow action: 'normalize_order_number'
/usr/local/lib/python3.10/site-packages/google/api_core/_python_version_support.py:266: FutureWarning: You are using a Python version (3.10.19) which Google will stop supporting in new releases of google.api_core once it reaches its end of life (2026-10-04). Please upgrade to the latest Python version, or at least Python 3.11, to continue receiving updates for google.api_core past that date.
  warnings.warn(message, FutureWarning)
IMAP IDLE worker started.
[2025-11-09 17:49:50] INFO idle_email_fetcher Starting IMAP IDLE worker for all active accounts...
No active email accounts found in the database. Sleeping for 60 seconds.
No active email accounts found in the database. Sleeping for 60 seconds.
No active email accounts found in the database. Sleeping for 60 seconds.
No active email accounts found in the database. Sleeping for 60 seconds.
No active email accounts found in the database. Sleeping for 60 seconds.
--- Processing account: Installations at Hanna (installations@hanna.co.zw) ---
[2025-11-09 17:54:51] INFO idle_email_fetcher Attempting to connect to IMAP server for account: Installations at Hanna
Unhandled error processing account 'Installations at Hanna': module 'imaplib' has no attribute 'error'
[2025-11-09 17:57:05] ERROR idle_email_fetcher Unhandled error for account 'Installations at Hanna':
Traceback (most recent call last):
  File "/app/email_integration/management/commands/idle_email_fetcher.py", line 41, in handle
    server = IMAPClient(account.imap_host, ssl=True, timeout=300)
  File "/usr/local/lib/python3.10/site-packages/imapclient/imapclient.py", line 288, in __init__
    self._imap = self._create_IMAP4()
  File "/usr/local/lib/python3.10/site-packages/imapclient/imapclient.py", line 325, in _create_IMAP4
    return tls.IMAP4_TLS(
  File "/usr/local/lib/python3.10/site-packages/imapclient/tls.py", line 44, in __init__
    imaplib.IMAP4.__init__(self, host, port)
  File "/usr/local/lib/python3.10/imaplib.py", line 205, in __init__
    self.open(host, port, timeout)
  File "/usr/local/lib/python3.10/site-packages/imapclient/tls.py", line 52, in open
    sock = socket.create_connection(
  File "/usr/local/lib/python3.10/socket.py", line 857, in create_connection
    raise err
  File "/usr/local/lib/python3.10/socket.py", line 845, in create_connection
    sock.connect(sa)
OSError: [Errno 101] Network is unreachable
During handling of the above exception, another exception occurred:
Traceback (most recent call last):
  File "/app/email_integration/management/commands/idle_email_fetcher.py", line 70, in handle
    except (IMAPClientError, OSError, imaplib.error) as e:
AttributeError: module 'imaplib' has no attribute 'error'. Did you mean: 'errno'?
--- Processing account: Installations at Hanna (installations@hanna.co.zw) ---
[2025-11-09 17:57:10] INFO idle_email_fetcher Attempting to connect to IMAP server for account: Installations at Hanna
Unhandled error processing account 'Installations at Hanna': module 'imaplib' has no attribute 'error'
[2025-11-09 17:59:24] ERROR idle_email_fetcher Unhandled error for account 'Installations at Hanna':
Traceback (most recent call last):
  File "/app/email_integration/management/commands/idle_email_fetcher.py", line 41, in handle
    server = IMAPClient(account.imap_host, ssl=True, timeout=300)
  File "/usr/local/lib/python3.10/site-packages/imapclient/imapclient.py", line 288, in __init__
    self._imap = self._create_IMAP4()
  File "/usr/local/lib/python3.10/site-packages/imapclient/imapclient.py", line 325, in _create_IMAP4
    return tls.IMAP4_TLS(
  File "/usr/local/lib/python3.10/site-packages/imapclient/tls.py", line 44, in __init__
    imaplib.IMAP4.__init__(self, host, port)
  File "/usr/local/lib/python3.10/imaplib.py", line 205, in __init__
    self.open(host, port, timeout)
  File "/usr/local/lib/python3.10/site-packages/imapclient/tls.py", line 52, in open
    sock = socket.create_connection(
  File "/usr/local/lib/python3.10/socket.py", line 857, in create_connection
    raise err
  File "/usr/local/lib/python3.10/socket.py", line 845, in create_connection
    sock.connect(sa)
OSError: [Errno 101] Network is unreachable
During handling of the above exception, another exception occurred:
Traceback (most recent call last):
  File "/app/email_integration/management/commands/idle_email_fetcher.py", line 70, in handle
    except (IMAPClientError, OSError, imaplib.error) as e:
AttributeError: module 'imaplib' has no attribute 'error'. Did you mean: 'errno'?
--- Processing account: Installations at Hanna (installations@hanna.co.zw) ---
[2025-11-09 17:59:29] INFO idle_email_fetcher Attempting to connect to IMAP server for account: Installations at Hanna
Unhandled error processing account 'Installations at Hanna': module 'imaplib' has no attribute 'error'
[2025-11-09 18:01:44] ERROR idle_email_fetcher Unhandled error for account 'Installations at Hanna':
Traceback (most recent call last):
  File "/app/email_integration/management/commands/idle_email_fetcher.py", line 41, in handle
    server = IMAPClient(account.imap_host, ssl=True, timeout=300)
  File "/usr/local/lib/python3.10/site-packages/imapclient/imapclient.py", line 288, in __init__
    self._imap = self._create_IMAP4()
  File "/usr/local/lib/python3.10/site-packages/imapclient/imapclient.py", line 325, in _create_IMAP4
    return tls.IMAP4_TLS(
  File "/usr/local/lib/python3.10/site-packages/imapclient/tls.py", line 44, in __init__
    imaplib.IMAP4.__init__(self, host, port)
  File "/usr/local/lib/python3.10/imaplib.py", line 205, in __init__
    self.open(host, port, timeout)
  File "/usr/local/lib/python3.10/site-packages/imapclient/tls.py", line 52, in open
    sock = socket.create_connection(
  File "/usr/local/lib/python3.10/socket.py", line 857, in create_connection
    raise err
  File "/usr/local/lib/python3.10/socket.py", line 845, in create_connection
    sock.connect(sa)
OSError: [Errno 101] Network is unreachable
During handling of the above exception, another exception occurred:
Traceback (most recent call last):
  File "/app/email_integration/management/commands/idle_email_fetcher.py", line 70, in handle
    except (IMAPClientError, OSError, imaplib.error) as e:
AttributeError: module 'imaplib' has no attribute 'error'. Did you mean: 'errno'?
--- Processing account: Installations at Hanna (installations@hanna.co.zw) ---
[2025-11-09 18:01:49] INFO idle_email_fetcher Attempting to connect to IMAP server for account: Installations at Hanna
Unhandled error processing account 'Installations at Hanna': module 'imaplib' has no attribute 'error'
[2025-11-09 18:04:03] ERROR idle_email_fetcher Unhandled error for account 'Installations at Hanna':
Traceback (most recent call last):
  File "/app/email_integration/management/commands/idle_email_fetcher.py", line 41, in handle
    server = IMAPClient(account.imap_host, ssl=True, timeout=300)
  File "/usr/local/lib/python3.10/site-packages/imapclient/imapclient.py", line 288, in __init__
    self._imap = self._create_IMAP4()
  File "/usr/local/lib/python3.10/site-packages/imapclient/imapclient.py", line 325, in _create_IMAP4
    return tls.IMAP4_TLS(
  File "/usr/local/lib/python3.10/site-packages/imapclient/tls.py", line 44, in __init__
    imaplib.IMAP4.__init__(self, host, port)
  File "/usr/local/lib/python3.10/imaplib.py", line 205, in __init__
    self.open(host, port, timeout)
  File "/usr/local/lib/python3.10/site-packages/imapclient/tls.py", line 52, in open
    sock = socket.create_connection(
  File "/usr/local/lib/python3.10/socket.py", line 857, in create_connection
    raise err
  File "/usr/local/lib/python3.10/socket.py", line 845, in create_connection
    sock.connect(sa)
OSError: [Errno 101] Network is unreachable
During handling of the above exception, another exception occurred:
Traceback (most recent call last):
  File "/app/email_integration/management/commands/idle_email_fetcher.py", line 70, in handle
    except (IMAPClientError, OSError, imaplib.error) as e:
AttributeError: module 'imaplib' has no attribute 'error'. Did you mean: 'errno'?
--- Processing account: Installations at Hanna (installations@hanna.co.zw) ---
[2025-11-09 18:04:08] INFO idle_email_fetcher Attempting to connect to IMAP server for account: Installations at Hanna
Unhandled error processing account 'Installations at Hanna': module 'imaplib' has no attribute 'error'
[2025-11-09 18:06:22] ERROR idle_email_fetcher Unhandled error for account 'Installations at Hanna':
Traceback (most recent call last):
  File "/app/email_integration/management/commands/idle_email_fetcher.py", line 41, in handle
    server = IMAPClient(account.imap_host, ssl=True, timeout=300)
  File "/usr/local/lib/python3.10/site-packages/imapclient/imapclient.py", line 288, in __init__
    self._imap = self._create_IMAP4()
  File "/usr/local/lib/python3.10/site-packages/imapclient/imapclient.py", line 325, in _create_IMAP4
    return tls.IMAP4_TLS(
  File "/usr/local/lib/python3.10/site-packages/imapclient/tls.py", line 44, in __init__
    imaplib.IMAP4.__init__(self, host, port)
  File "/usr/local/lib/python3.10/imaplib.py", line 205, in __init__
    self.open(host, port, timeout)
  File "/usr/local/lib/python3.10/site-packages/imapclient/tls.py", line 52, in open
    sock = socket.create_connection(
  File "/usr/local/lib/python3.10/socket.py", line 857, in create_connection
    raise err
  File "/usr/local/lib/python3.10/socket.py", line 845, in create_connection
    sock.connect(sa)
OSError: [Errno 101] Network is unreachable
During handling of the above exception, another exception occurred:
Traceback (most recent call last):
  File "/app/email_integration/management/commands/idle_email_fetcher.py", line 70, in handle
    except (IMAPClientError, OSError, imaplib.error) as e:
AttributeError: module 'imaplib' has no attribute 'error'. Did you mean: 'errno'?
--- Processing account: Installations at Hanna (installations@hanna.co.zw) ---
[2025-11-09 18:06:27] INFO idle_email_fetcher Attempting to connect to IMAP server for account: Installations at Hanna
Unhandled error processing account 'Installations at Hanna': module 'imaplib' has no attribute 'error'
[2025-11-09 18:08:42] ERROR idle_email_fetcher Unhandled error for account 'Installations at Hanna':
Traceback (most recent call last):
  File "/app/email_integration/management/commands/idle_email_fetcher.py", line 41, in handle
    server = IMAPClient(account.imap_host, ssl=True, timeout=300)
  File "/usr/local/lib/python3.10/site-packages/imapclient/imapclient.py", line 288, in __init__
    self._imap = self._create_IMAP4()
  File "/usr/local/lib/python3.10/site-packages/imapclient/imapclient.py", line 325, in _create_IMAP4
    return tls.IMAP4_TLS(
  File "/usr/local/lib/python3.10/site-packages/imapclient/tls.py", line 44, in __init__
    imaplib.IMAP4.__init__(self, host, port)
  File "/usr/local/lib/python3.10/imaplib.py", line 205, in __init__
    self.open(host, port, timeout)
  File "/usr/local/lib/python3.10/site-packages/imapclient/tls.py", line 52, in open
    sock = socket.create_connection(
  File "/usr/local/lib/python3.10/socket.py", line 857, in create_connection
    raise err
  File "/usr/local/lib/python3.10/socket.py", line 845, in create_connection
    sock.connect(sa)
OSError: [Errno 101] Network is unreachable
During handling of the above exception, another exception occurred:
Traceback (most recent call last):
  File "/app/email_integration/management/commands/idle_email_fetcher.py", line 70, in handle
    except (IMAPClientError, OSError, imaplib.error) as e:
AttributeError: module 'imaplib' has no attribute 'error'. Did you mean: 'errno'?
--- Processing account: Installations at Hanna (installations@hanna.co.zw) ---
[2025-11-09 18:08:47] INFO idle_email_fetcher Attempting to connect to IMAP server for account: Installations at Hanna
Unhandled error processing account 'Installations at Hanna': module 'imaplib' has no attribute 'error'
[2025-11-09 18:11:01] ERROR idle_email_fetcher Unhandled error for account 'Installations at Hanna':
Traceback (most recent call last):
  File "/app/email_integration/management/commands/idle_email_fetcher.py", line 41, in handle
    server = IMAPClient(account.imap_host, ssl=True, timeout=300)
  File "/usr/local/lib/python3.10/site-packages/imapclient/imapclient.py", line 288, in __init__
    self._imap = self._create_IMAP4()
  File "/usr/local/lib/python3.10/site-packages/imapclient/imapclient.py", line 325, in _create_IMAP4
    return tls.IMAP4_TLS(
  File "/usr/local/lib/python3.10/site-packages/imapclient/tls.py", line 44, in __init__
    imaplib.IMAP4.__init__(self, host, port)
  File "/usr/local/lib/python3.10/imaplib.py", line 205, in __init__
    self.open(host, port, timeout)
  File "/usr/local/lib/python3.10/site-packages/imapclient/tls.py", line 52, in open
    sock = socket.create_connection(
  File "/usr/local/lib/python3.10/socket.py", line 857, in create_connection
    raise err
  File "/usr/local/lib/python3.10/socket.py", line 845, in create_connection
    sock.connect(sa)
OSError: [Errno 101] Network is unreachable
During handling of the above exception, another exception occurred:
Traceback (most recent call last):
  File "/app/email_integration/management/commands/idle_email_fetcher.py", line 70, in handle
    except (IMAPClientError, OSError, imaplib.error) as e:
AttributeError: module 'imaplib' has no attribute 'error'. Did you mean: 'errno'?
--- Processing account: Installations at Hanna (installations@hanna.co.zw) ---
[2025-11-09 18:11:06] INFO idle_email_fetcher Attempting to connect to IMAP server for account: Installations at Hanna
Unhandled error processing account 'Installations at Hanna': module 'imaplib' has no attribute 'error'
[2025-11-09 18:13:20] ERROR idle_email_fetcher Unhandled error for account 'Installations at Hanna':
Traceback (most recent call last):
  File "/app/email_integration/management/commands/idle_email_fetcher.py", line 41, in handle
    server = IMAPClient(account.imap_host, ssl=True, timeout=300)
  File "/usr/local/lib/python3.10/site-packages/imapclient/imapclient.py", line 288, in __init__
    self._imap = self._create_IMAP4()
  File "/usr/local/lib/python3.10/site-packages/imapclient/imapclient.py", line 325, in _create_IMAP4
    return tls.IMAP4_TLS(
  File "/usr/local/lib/python3.10/site-packages/imapclient/tls.py", line 44, in __init__
    imaplib.IMAP4.__init__(self, host, port)
  File "/usr/local/lib/python3.10/imaplib.py", line 205, in __init__
    self.open(host, port, timeout)
  File "/usr/local/lib/python3.10/site-packages/imapclient/tls.py", line 52, in open
    sock = socket.create_connection(
  File "/usr/local/lib/python3.10/socket.py", line 857, in create_connection
    raise err
  File "/usr/local/lib/python3.10/socket.py", line 845, in create_connection
    sock.connect(sa)
OSError: [Errno 101] Network is unreachable
During handling of the above exception, another exception occurred:
Traceback (most recent call last):
  File "/app/email_integration/management/commands/idle_email_fetcher.py", line 70, in handle
    except (IMAPClientError, OSError, imaplib.error) as e:
AttributeError: module 'imaplib' has no attribute 'error'. Did you mean: 'errno'?
--- Processing account: Installations at Hanna (installations@hanna.co.zw) ---
[2025-11-09 18:13:25] INFO idle_email_fetcher Attempting to connect to IMAP server for account: Installations at Hanna
Unhandled error processing account 'Installations at Hanna': module 'imaplib' has no attribute 'error'
[2025-11-09 18:15:39] ERROR idle_email_fetcher Unhandled error for account 'Installations at Hanna':
Traceback (most recent call last):
  File "/app/email_integration/management/commands/idle_email_fetcher.py", line 41, in handle
    server = IMAPClient(account.imap_host, ssl=True, timeout=300)
  File "/usr/local/lib/python3.10/site-packages/imapclient/imapclient.py", line 288, in __init__
    self._imap = self._create_IMAP4()
  File "/usr/local/lib/python3.10/site-packages/imapclient/imapclient.py", line 325, in _create_IMAP4
    return tls.IMAP4_TLS(
  File "/usr/local/lib/python3.10/site-packages/imapclient/tls.py", line 44, in __init__
    imaplib.IMAP4.__init__(self, host, port)
  File "/usr/local/lib/python3.10/imaplib.py", line 205, in __init__
    self.open(host, port, timeout)
  File "/usr/local/lib/python3.10/site-packages/imapclient/tls.py", line 52, in open
    sock = socket.create_connection(
  File "/usr/local/lib/python3.10/socket.py", line 857, in create_connection
    raise err
  File "/usr/local/lib/python3.10/socket.py", line 845, in create_connection
    sock.connect(sa)
OSError: [Errno 101] Network is unreachable
During handling of the above exception, another exception occurred:
Traceback (most recent call last):
  File "/app/email_integration/management/commands/idle_email_fetcher.py", line 70, in handle
    except (IMAPClientError, OSError, imaplib.error) as e:
AttributeError: module 'imaplib' has no attribute 'error'. Did you mean: 'errno'?
--- Processing account: Installations at Hanna (installations@hanna.co.zw) ---
[2025-11-09 18:15:44] INFO idle_email_fetcher Attempting to connect to IMAP server for account: Installations at Hanna
Unhandled error processing account 'Installations at Hanna': module 'imaplib' has no attribute 'error'
[2025-11-09 18:17:59] ERROR idle_email_fetcher Unhandled error for account 'Installations at Hanna':
Traceback (most recent call last):
  File "/app/email_integration/management/commands/idle_email_fetcher.py", line 41, in handle
    server = IMAPClient(account.imap_host, ssl=True, timeout=300)
  File "/usr/local/lib/python3.10/site-packages/imapclient/imapclient.py", line 288, in __init__
    self._imap = self._create_IMAP4()
  File "/usr/local/lib/python3.10/site-packages/imapclient/imapclient.py", line 325, in _create_IMAP4
    return tls.IMAP4_TLS(
  File "/usr/local/lib/python3.10/site-packages/imapclient/tls.py", line 44, in __init__
    imaplib.IMAP4.__init__(self, host, port)
  File "/usr/local/lib/python3.10/imaplib.py", line 205, in __init__
    self.open(host, port, timeout)
  File "/usr/local/lib/python3.10/site-packages/imapclient/tls.py", line 52, in open
    sock = socket.create_connection(
  File "/usr/local/lib/python3.10/socket.py", line 857, in create_connection
    raise err
  File "/usr/local/lib/python3.10/socket.py", line 845, in create_connection
    sock.connect(sa)
OSError: [Errno 101] Network is unreachable
During handling of the above exception, another exception occurred:
Traceback (most recent call last):
  File "/app/email_integration/management/commands/idle_email_fetcher.py", line 70, in handle
    except (IMAPClientError, OSError, imaplib.error) as e:
AttributeError: module 'imaplib' has no attribute 'error'. Did you mean: 'errno'?
--- Processing account: Installations at Hanna (installations@hanna.co.zw) ---
[2025-11-09 18:18:04] INFO idle_email_fetcher Attempting to connect to IMAP server for account: Installations at Hanna
Unhandled error processing account 'Installations at Hanna': module 'imaplib' has no attribute 'error'
[2025-11-09 18:20:18] ERROR idle_email_fetcher Unhandled error for account 'Installations at Hanna':
Traceback (most recent call last):
  File "/app/email_integration/management/commands/idle_email_fetcher.py", line 41, in handle
    server = IMAPClient(account.imap_host, ssl=True, timeout=300)
  File "/usr/local/lib/python3.10/site-packages/imapclient/imapclient.py", line 288, in __init__
    self._imap = self._create_IMAP4()
  File "/usr/local/lib/python3.10/site-packages/imapclient/imapclient.py", line 325, in _create_IMAP4
    return tls.IMAP4_TLS(
  File "/usr/local/lib/python3.10/site-packages/imapclient/tls.py", line 44, in __init__
    imaplib.IMAP4.__init__(self, host, port)
  File "/usr/local/lib/python3.10/imaplib.py", line 205, in __init__
    self.open(host, port, timeout)
  File "/usr/local/lib/python3.10/site-packages/imapclient/tls.py", line 52, in open
    sock = socket.create_connection(
  File "/usr/local/lib/python3.10/socket.py", line 857, in create_connection
    raise err
  File "/usr/local/lib/python3.10/socket.py", line 845, in create_connection
    sock.connect(sa)
OSError: [Errno 101] Network is unreachable
During handling of the above exception, another exception occurred:
Traceback (most recent call last):
  File "/app/email_integration/management/commands/idle_email_fetcher.py", line 70, in handle
    except (IMAPClientError, OSError, imaplib.error) as e:
AttributeError: module 'imaplib' has no attribute 'error'. Did you mean: 'errno'?
--- Processing account: Installations at Hanna (installations@hanna.co.zw) ---
[2025-11-09 18:20:23] INFO idle_email_fetcher Attempting to connect to IMAP server for account: Installations at Hanna
Unhandled error processing account 'Installations at Hanna': module 'imaplib' has no attribute 'error'
[2025-11-09 18:22:37] ERROR idle_email_fetcher Unhandled error for account 'Installations at Hanna':
Traceback (most recent call last):
  File "/app/email_integration/management/commands/idle_email_fetcher.py", line 41, in handle
    server = IMAPClient(account.imap_host, ssl=True, timeout=300)
  File "/usr/local/lib/python3.10/site-packages/imapclient/imapclient.py", line 288, in __init__
    self._imap = self._create_IMAP4()
  File "/usr/local/lib/python3.10/site-packages/imapclient/imapclient.py", line 325, in _create_IMAP4
    return tls.IMAP4_TLS(
  File "/usr/local/lib/python3.10/site-packages/imapclient/tls.py", line 44, in __init__
    imaplib.IMAP4.__init__(self, host, port)
  File "/usr/local/lib/python3.10/imaplib.py", line 205, in __init__
    self.open(host, port, timeout)
  File "/usr/local/lib/python3.10/site-packages/imapclient/tls.py", line 52, in open
    sock = socket.create_connection(
  File "/usr/local/lib/python3.10/socket.py", line 857, in create_connection
    raise err
  File "/usr/local/lib/python3.10/socket.py", line 845, in create_connection
    sock.connect(sa)
OSError: [Errno 101] Network is unreachable
During handling of the above exception, another exception occurred:
Traceback (most recent call last):
  File "/app/email_integration/management/commands/idle_email_fetcher.py", line 70, in handle
    except (IMAPClientError, OSError, imaplib.error) as e:
AttributeError: module 'imaplib' has no attribute 'error'. Did you mean: 'errno'?
--- Processing account: Installations at Hanna (installations@hanna.co.zw) ---
[2025-11-09 18:22:42] INFO idle_email_fetcher Attempting to connect to IMAP server for account: Installations at Hanna
Unhandled error processing account 'Installations at Hanna': module 'imaplib' has no attribute 'error'
[2025-11-09 18:24:56] ERROR idle_email_fetcher Unhandled error for account 'Installations at Hanna':
Traceback (most recent call last):
  File "/app/email_integration/management/commands/idle_email_fetcher.py", line 41, in handle
    server = IMAPClient(account.imap_host, ssl=True, timeout=300)
  File "/usr/local/lib/python3.10/site-packages/imapclient/imapclient.py", line 288, in __init__
    self._imap = self._create_IMAP4()
  File "/usr/local/lib/python3.10/site-packages/imapclient/imapclient.py", line 325, in _create_IMAP4
    return tls.IMAP4_TLS(
  File "/usr/local/lib/python3.10/site-packages/imapclient/tls.py", line 44, in __init__
    imaplib.IMAP4.__init__(self, host, port)
  File "/usr/local/lib/python3.10/imaplib.py", line 205, in __init__
    self.open(host, port, timeout)
  File "/usr/local/lib/python3.10/site-packages/imapclient/tls.py", line 52, in open
    sock = socket.create_connection(
  File "/usr/local/lib/python3.10/socket.py", line 857, in create_connection
    raise err
  File "/usr/local/lib/python3.10/socket.py", line 845, in create_connection
    sock.connect(sa)
OSError: [Errno 101] Network is unreachable
During handling of the above exception, another exception occurred:
Traceback (most recent call last):
  File "/app/email_integration/management/commands/idle_email_fetcher.py", line 70, in handle
    except (IMAPClientError, OSError, imaplib.error) as e:
AttributeError: module 'imaplib' has no attribute 'error'. Did you mean: 'errno'?
--- Processing account: Installations at Hanna (installations@hanna.co.zw) ---
[2025-11-09 18:25:01] INFO idle_email_fetcher Attempting to connect to IMAP server for account: Installations at Hanna
Unhandled error processing account 'Installations at Hanna': module 'imaplib' has no attribute 'error'
[2025-11-09 18:27:16] ERROR idle_email_fetcher Unhandled error for account 'Installations at Hanna':
Traceback (most recent call last):
  File "/app/email_integration/management/commands/idle_email_fetcher.py", line 41, in handle
    server = IMAPClient(account.imap_host, ssl=True, timeout=300)
  File "/usr/local/lib/python3.10/site-packages/imapclient/imapclient.py", line 288, in __init__
    self._imap = self._create_IMAP4()
  File "/usr/local/lib/python3.10/site-packages/imapclient/imapclient.py", line 325, in _create_IMAP4
    return tls.IMAP4_TLS(
  File "/usr/local/lib/python3.10/site-packages/imapclient/tls.py", line 44, in __init__
    imaplib.IMAP4.__init__(self, host, port)
  File "/usr/local/lib/python3.10/imaplib.py", line 205, in __init__
    self.open(host, port, timeout)
  File "/usr/local/lib/python3.10/site-packages/imapclient/tls.py", line 52, in open
    sock = socket.create_connection(
  File "/usr/local/lib/python3.10/socket.py", line 857, in create_connection
    raise err
  File "/usr/local/lib/python3.10/socket.py", line 845, in create_connection
    sock.connect(sa)
OSError: [Errno 101] Network is unreachable
During handling of the above exception, another exception occurred:
Traceback (most recent call last):
  File "/app/email_integration/management/commands/idle_email_fetcher.py", line 70, in handle
    except (IMAPClientError, OSError, imaplib.error) as e:
AttributeError: module 'imaplib' has no attribute 'error'. Did you mean: 'errno'?
--- Processing account: Installations at Hanna (installations@hanna.co.zw) ---
[2025-11-09 18:27:21] INFO idle_email_fetcher Attempting to connect to IMAP server for account: Installations at Hanna
Unhandled error processing account 'Installations at Hanna': module 'imaplib' has no attribute 'error'
[2025-11-09 18:29:35] ERROR idle_email_fetcher Unhandled error for account 'Installations at Hanna':
Traceback (most recent call last):
  File "/app/email_integration/management/commands/idle_email_fetcher.py", line 41, in handle
    server = IMAPClient(account.imap_host, ssl=True, timeout=300)
  File "/usr/local/lib/python3.10/site-packages/imapclient/imapclient.py", line 288, in __init__
    self._imap = self._create_IMAP4()
  File "/usr/local/lib/python3.10/site-packages/imapclient/imapclient.py", line 325, in _create_IMAP4
    return tls.IMAP4_TLS(
  File "/usr/local/lib/python3.10/site-packages/imapclient/tls.py", line 44, in __init__
    imaplib.IMAP4.__init__(self, host, port)
  File "/usr/local/lib/python3.10/imaplib.py", line 205, in __init__
    self.open(host, port, timeout)
  File "/usr/local/lib/python3.10/site-packages/imapclient/tls.py", line 52, in open
    sock = socket.create_connection(
  File "/usr/local/lib/python3.10/socket.py", line 857, in create_connection
    raise err
  File "/usr/local/lib/python3.10/socket.py", line 845, in create_connection
    sock.connect(sa)
OSError: [Errno 101] Network is unreachable
During handling of the above exception, another exception occurred:
Traceback (most recent call last):
  File "/app/email_integration/management/commands/idle_email_fetcher.py", line 70, in handle
    except (IMAPClientError, OSError, imaplib.error) as e:
AttributeError: module 'imaplib' has no attribute 'error'. Did you mean: 'errno'?
--- Processing account: Installations at Hanna (installations@hanna.co.zw) ---
[2025-11-09 18:29:40] INFO idle_email_fetcher Attempting to connect to IMAP server for account: Installations at Hanna